#
# There is insufficient memory for the Java Runtime Environment to continue.
# Native memory allocation (malloc) failed to allocate 32744 bytes for ChunkPool::allocate
# Possible reasons:
#   The system is out of physical RAM or swap space
#   The process is running with CompressedOops enabled, and the Java Heap may be blocking the growth of the native heap
# Possible solutions:
#   Reduce memory load on the system
#   Increase physical memory or swap space
#   Check if swap backing store is full
#   Decrease Java heap size (-Xmx/-Xms)
#   Decrease number of Java threads
#   Decrease Java thread stack sizes (-Xss)
#   Set larger code cache with -XX:ReservedCodeCacheSize=
#   JVM is running with Unscaled Compressed Oops mode in which the Java heap is
#     placed in the first 4GB address space. The Java Heap base address is the
#     maximum limit for the native heap growth. Please use -XX:HeapBaseMinAddress
#     to set the Java Heap base and to place the Java Heap above 4GB virtual address.
# This output file may be truncated or incomplete.
#
#  Out of Memory Error (arena.cpp:78), pid=7192, tid=7272
#
# JRE version: Java(TM) SE Runtime Environment (17.0.8+9) (build 17.0.8+9-LTS-211)
# Java VM: Java HotSpot(TM) 64-Bit Server VM (17.0.8+9-LTS-211, mixed mode, sharing, tiered, compressed oops, compressed class ptrs, g1 gc, windows-amd64)
# No core dump will be written. Minidumps are not enabled by default on client versions of Windows
#

---------------  S U M M A R Y ------------

Command Line: -javaagent:C:\Program Files\JetBrains\IntelliJ IDEA Community Edition 2023.2.1\lib\idea_rt.jar=52155:C:\Program Files\JetBrains\IntelliJ IDEA Community Edition 2023.2.1\bin -Dfile.encoding=UTF-8 com.springboot.departmentservice.DepartmentServiceApplication

Host: AMD EPYC 7452 32-Core Processor                , 2 cores, 7G,  Windows 10 , 64 bit Build 19041 (10.0.19041.3155)
Time: Mon Sep  4 12:26:43 2023 Coordinated Universal Time elapsed time: 224.859728 seconds (0d 0h 3m 44s)

---------------  T H R E A D  ---------------

Current thread (0x000002167ec618d0):  JavaThread "C2 CompilerThread0" daemon [_thread_in_native, id=7272, stack(0x0000005ae7e00000,0x0000005ae7f00000)]


Current CompileTask:
C2: 224859 7394       4       java.util.HashMap::computeIfAbsent (330 bytes)

Stack: [0x0000005ae7e00000,0x0000005ae7f00000]
Native frames: (J=compiled Java code, j=interpreted, Vv=VM code, C=native code)
V  [jvm.dll+0x677d0a]
V  [jvm.dll+0x7d8c54]
V  [jvm.dll+0x7da3fe]
V  [jvm.dll+0x7daa63]
V  [jvm.dll+0x245c5f]
V  [jvm.dll+0xaacc0]
V  [jvm.dll+0xab00c]
V  [jvm.dll+0x654dd5]
V  [jvm.dll+0x654c7c]
V  [jvm.dll+0x35e4fc]
V  [jvm.dll+0x35eff4]
V  [jvm.dll+0x2d0413]
V  [jvm.dll+0x63e867]
V  [jvm.dll+0x1114ec]
V  [jvm.dll+0x33c5ea]
V  [jvm.dll+0x68b97a]
V  [jvm.dll+0x68e19f]
V  [jvm.dll+0x6882d6]
V  [jvm.dll+0x687920]
V  [jvm.dll+0x68582a]
V  [jvm.dll+0x1a6d0c]
V  [jvm.dll+0x216fe8]
V  [jvm.dll+0x1a3af0]
V  [jvm.dll+0x2270be]
V  [jvm.dll+0x22535b]
V  [jvm.dll+0x78e7bc]
V  [jvm.dll+0x788bba]
V  [jvm.dll+0x676b35]
C  [ucrtbase.dll+0x21bb2]
C  [KERNEL32.DLL+0x17614]
C  [ntdll.dll+0x526b1]


---------------  P R O C E S S  ---------------

Threads class SMR info:
_java_thread_list=0x0000021654e4ede0, length=39, elements={
0x000002167ec4ce70, 0x000002167ec4dce0, 0x000002167ec5cc20, 0x000002167ec5d7d0,
0x000002167ec60190, 0x000002167ec60b40, 0x000002167ec618d0, 0x000002167ecce1b0,
0x000002167ecd2f70, 0x000002167ecee240, 0x000002167f18a190, 0x000002167f05b200,
0x0000021655778170, 0x000002167ef52df0, 0x000002167ef079c0, 0x00000216543ccf70,
0x00000216543cd440, 0x00000216543ce2b0, 0x00000216556724f0, 0x000002165566ce50,
0x00000216556729c0, 0x0000021655673360, 0x0000021655670ce0, 0x00000216556711b0,
0x0000021655673d00, 0x0000021655673830, 0x000002165566c980, 0x0000021655671680,
0x0000021655671b50, 0x000002165566dcc0, 0x000002165566d7f0, 0x0000021655672020,
0x0000021655670810, 0x00000216556741d0, 0x0000021655672e90, 0x000002165566d320,
0x000002165566e190, 0x000002165566eb30, 0x000002165566e660
}

Java Threads: ( => current thread )
  0x000002167ec4ce70 JavaThread "Reference Handler" daemon [_thread_blocked, id=7972, stack(0x0000005ae7800000,0x0000005ae7900000)]
  0x000002167ec4dce0 JavaThread "Finalizer" daemon [_thread_blocked, id=9388, stack(0x0000005ae7900000,0x0000005ae7a00000)]
  0x000002167ec5cc20 JavaThread "Signal Dispatcher" daemon [_thread_blocked, id=7732, stack(0x0000005ae7a00000,0x0000005ae7b00000)]
  0x000002167ec5d7d0 JavaThread "Attach Listener" daemon [_thread_blocked, id=5908, stack(0x0000005ae7b00000,0x0000005ae7c00000)]
  0x000002167ec60190 JavaThread "Service Thread" daemon [_thread_blocked, id=5296, stack(0x0000005ae7c00000,0x0000005ae7d00000)]
  0x000002167ec60b40 JavaThread "Monitor Deflation Thread" daemon [_thread_blocked, id=10440, stack(0x0000005ae7d00000,0x0000005ae7e00000)]
=>0x000002167ec618d0 JavaThread "C2 CompilerThread0" daemon [_thread_in_native, id=7272, stack(0x0000005ae7e00000,0x0000005ae7f00000)]
  0x000002167ecce1b0 JavaThread "C1 CompilerThread0" daemon [_thread_blocked, id=9640, stack(0x0000005ae7f00000,0x0000005ae8000000)]
  0x000002167ecd2f70 JavaThread "Sweeper thread" daemon [_thread_blocked, id=6288, stack(0x0000005ae8000000,0x0000005ae8100000)]
  0x000002167ecee240 JavaThread "Common-Cleaner" daemon [_thread_blocked, id=6108, stack(0x0000005ae8100000,0x0000005ae8200000)]
  0x000002167f18a190 JavaThread "Monitor Ctrl-Break" daemon [_thread_in_native, id=10940, stack(0x0000005ae8300000,0x0000005ae8400000)]
  0x000002167f05b200 JavaThread "Notification Thread" daemon [_thread_blocked, id=1032, stack(0x0000005ae8400000,0x0000005ae8500000)]
  0x0000021655778170 JavaThread "Catalina-utility-1" [_thread_blocked, id=9416, stack(0x0000005ae8b00000,0x0000005ae8c00000)]
  0x000002167ef52df0 JavaThread "Catalina-utility-2" [_thread_blocked, id=6440, stack(0x0000005ae8c00000,0x0000005ae8d00000)]
  0x000002167ef079c0 JavaThread "container-0" [_thread_blocked, id=1416, stack(0x0000005ae8d00000,0x0000005ae8e00000)]
  0x00000216543ccf70 JavaThread "mysql-cj-abandoned-connection-cleanup" daemon [_thread_blocked, id=2548, stack(0x0000005ae8e00000,0x0000005ae8f00000)]
  0x00000216543cd440 JavaThread "HikariPool-1 housekeeper" daemon [_thread_blocked, id=6160, stack(0x0000005ae8f00000,0x0000005ae9000000)]
  0x00000216543ce2b0 JavaThread "spring.cloud.inetutils" daemon [_thread_blocked, id=6360, stack(0x0000005ae9100000,0x0000005ae9200000)]
  0x00000216556724f0 JavaThread "File Watcher" daemon [_thread_blocked, id=11496, stack(0x0000005ae9200000,0x0000005ae9300000)]
  0x000002165566ce50 JavaThread "Live Reload Server" daemon [_thread_in_native, id=11484, stack(0x0000005ae9300000,0x0000005ae9400000)]
  0x00000216556729c0 JavaThread "AsyncResolver-bootstrap-0" daemon [_thread_blocked, id=7240, stack(0x0000005ae9400000,0x0000005ae9500000)]
  0x0000021655673360 JavaThread "DiscoveryClient-0" daemon [_thread_blocked, id=2312, stack(0x0000005ae9500000,0x0000005ae9600000)]
  0x0000021655670ce0 JavaThread "DiscoveryClient-1" daemon [_thread_blocked, id=6264, stack(0x0000005ae9600000,0x0000005ae9700000)]
  0x00000216556711b0 JavaThread "DiscoveryClient-InstanceInfoReplicator-0" daemon [_thread_blocked, id=10380, stack(0x0000005ae9700000,0x0000005ae9800000)]
  0x0000021655673d00 JavaThread "http-nio-9002-exec-1" daemon [_thread_blocked, id=10828, stack(0x0000005ae9800000,0x0000005ae9900000)]
  0x0000021655673830 JavaThread "http-nio-9002-exec-2" daemon [_thread_blocked, id=11452, stack(0x0000005ae9900000,0x0000005ae9a00000)]
  0x000002165566c980 JavaThread "http-nio-9002-exec-3" daemon [_thread_blocked, id=11872, stack(0x0000005ae9a00000,0x0000005ae9b00000)]
  0x0000021655671680 JavaThread "http-nio-9002-exec-4" daemon [_thread_blocked, id=9276, stack(0x0000005ae9b00000,0x0000005ae9c00000)]
  0x0000021655671b50 JavaThread "http-nio-9002-exec-5" daemon [_thread_blocked, id=10124, stack(0x0000005ae9c00000,0x0000005ae9d00000)]
  0x000002165566dcc0 JavaThread "http-nio-9002-exec-6" daemon [_thread_blocked, id=9480, stack(0x0000005ae9d00000,0x0000005ae9e00000)]
  0x000002165566d7f0 JavaThread "http-nio-9002-exec-7" daemon [_thread_blocked, id=5272, stack(0x0000005ae9e00000,0x0000005ae9f00000)]
  0x0000021655672020 JavaThread "http-nio-9002-exec-8" daemon [_thread_blocked, id=4888, stack(0x0000005ae9f00000,0x0000005aea000000)]
  0x0000021655670810 JavaThread "http-nio-9002-exec-9" daemon [_thread_blocked, id=8476, stack(0x0000005aea000000,0x0000005aea100000)]
  0x00000216556741d0 JavaThread "http-nio-9002-exec-10" daemon [_thread_blocked, id=8880, stack(0x0000005aea100000,0x0000005aea200000)]
  0x0000021655672e90 JavaThread "http-nio-9002-Poller" daemon [_thread_in_native, id=10444, stack(0x0000005aea200000,0x0000005aea300000)]
  0x000002165566d320 JavaThread "http-nio-9002-Acceptor" daemon [_thread_in_native, id=10436, stack(0x0000005aea300000,0x0000005aea400000)]
  0x000002165566e190 JavaThread "DestroyJavaVM" [_thread_blocked, id=10336, stack(0x0000005ae7100000,0x0000005ae7200000)]
  0x000002165566eb30 JavaThread "DiscoveryClient-HeartbeatExecutor-0" daemon [_thread_blocked, id=1436, stack(0x0000005ae9000000,0x0000005ae9100000)]
  0x000002165566e660 JavaThread "DiscoveryClient-CacheRefreshExecutor-0" daemon [_thread_blocked, id=9292, stack(0x0000005aea400000,0x0000005aea500000)]

Other Threads:
  0x000002167ec46e10 VMThread "VM Thread" [stack: 0x0000005ae7700000,0x0000005ae7800000] [id=11208]
  0x000002167f18a660 WatcherThread [stack: 0x0000005ae8500000,0x0000005ae8600000] [id=9768]
  0x0000021670714ab0 GCTaskThread "GC Thread#0" [stack: 0x0000005ae7200000,0x0000005ae7300000] [id=800]
  0x000002167ef5d4e0 GCTaskThread "GC Thread#1" [stack: 0x0000005ae8200000,0x0000005ae8300000] [id=10800]
  0x000002166e5adf30 ConcurrentGCThread "G1 Main Marker" [stack: 0x0000005ae7300000,0x0000005ae7400000] [id=752]
  0x000002166e5ae940 ConcurrentGCThread "G1 Conc#0" [stack: 0x0000005ae7400000,0x0000005ae7500000] [id=11816]
  0x000002167077eb00 ConcurrentGCThread "G1 Refine#0" [stack: 0x0000005ae7500000,0x0000005ae7600000] [id=12084]
  0x0000021654b7e340 ConcurrentGCThread "G1 Refine#1" [stack: 0x0000005ae8a00000,0x0000005ae8b00000] [id=6632]
  0x000002167eb005e0 ConcurrentGCThread "G1 Service" [stack: 0x0000005ae7600000,0x0000005ae7700000] [id=2028]

Threads with active compile tasks:
C2 CompilerThread0   224907 7394       4       java.util.HashMap::computeIfAbsent (330 bytes)

VM state: not at safepoint (normal execution)

VM Mutex/Monitor currently owned by a thread: None

Heap address: 0x0000000080c00000, size: 2036 MB, Compressed Oops mode: 32-bit

CDS archive(s) mapped at: [0x000002160f000000-0x000002160fbd0000-0x000002160fbd0000), size 12386304, SharedBaseAddress: 0x000002160f000000, ArchiveRelocationMode: 1.
Compressed class space mapped at: 0x0000021610000000-0x0000021650000000, reserved size: 1073741824
Narrow klass base: 0x000002160f000000, Narrow klass shift: 0, Narrow klass range: 0x100000000

GC Precious Log:
 CPUs: 2 total, 2 available
 Memory: 8140M
 Large Page Support: Disabled
 NUMA Support: Disabled
 Compressed Oops: Enabled (32-bit)
 Heap Region Size: 1M
 Heap Min Capacity: 8M
 Heap Initial Capacity: 128M
 Heap Max Capacity: 2036M
 Pre-touch: Disabled
 Parallel Workers: 2
 Concurrent Workers: 1
 Concurrent Refinement Workers: 2
 Periodic GC: Disabled

Heap:
 garbage-first heap   total 113664K, used 77329K [0x0000000080c00000, 0x0000000100000000)
  region size 1024K, 43 young (44032K), 7 survivors (7168K)
 Metaspace       used 75700K, committed 76224K, reserved 1179648K
  class space    used 10363K, committed 10624K, reserved 1048576K

Heap Regions: E=young(eden), S=young(survivor), O=old, HS=humongous(starts), HC=humongous(continues), CS=collection set, F=free, OA=open archive, CA=closed archive, TAMS=top-at-mark-start (previous, next)
|   0|0x0000000080c00000, 0x0000000080d00000, 0x0000000080d00000|100%|HS|  |TAMS 0x0000000080d00000, 0x0000000080c00000| Complete 
|   1|0x0000000080d00000, 0x0000000080e00000, 0x0000000080e00000|100%|HS|  |TAMS 0x0000000080e00000, 0x0000000080d00000| Complete 
|   2|0x0000000080e00000, 0x0000000080f00000, 0x0000000080f00000|100%| O|  |TAMS 0x0000000080f00000, 0x0000000080e00000| Untracked 
|   3|0x0000000080f00000, 0x0000000081000000, 0x0000000081000000|100%| O|  |TAMS 0x0000000081000000, 0x0000000080f00000| Untracked 
|   4|0x0000000081000000, 0x0000000081100000, 0x0000000081100000|100%| O|  |TAMS 0x0000000081100000, 0x0000000081000000| Untracked 
|   5|0x0000000081100000, 0x0000000081200000, 0x0000000081200000|100%| O|  |TAMS 0x0000000081200000, 0x0000000081100000| Untracked 
|   6|0x0000000081200000, 0x0000000081300000, 0x0000000081300000|100%| O|  |TAMS 0x0000000081300000, 0x0000000081200000| Untracked 
|   7|0x0000000081300000, 0x00000000813fbe00, 0x0000000081400000| 98%| O|  |TAMS 0x00000000813fbe00, 0x0000000081300000| Untracked 
|   8|0x0000000081400000, 0x0000000081500000, 0x0000000081500000|100%| O|  |TAMS 0x0000000081500000, 0x0000000081400000| Untracked 
|   9|0x0000000081500000, 0x0000000081600000, 0x0000000081600000|100%| O|  |TAMS 0x0000000081600000, 0x0000000081500000| Untracked 
|  10|0x0000000081600000, 0x0000000081700000, 0x0000000081700000|100%| O|  |TAMS 0x0000000081700000, 0x0000000081600000| Untracked 
|  11|0x0000000081700000, 0x0000000081800000, 0x0000000081800000|100%| O|  |TAMS 0x0000000081800000, 0x0000000081700000| Untracked 
|  12|0x0000000081800000, 0x0000000081900000, 0x0000000081900000|100%| O|  |TAMS 0x0000000081900000, 0x0000000081800000| Untracked 
|  13|0x0000000081900000, 0x0000000081a00000, 0x0000000081a00000|100%| O|  |TAMS 0x0000000081a00000, 0x0000000081900000| Untracked 
|  14|0x0000000081a00000, 0x0000000081b00000, 0x0000000081b00000|100%| O|  |TAMS 0x0000000081b00000, 0x0000000081a00000| Untracked 
|  15|0x0000000081b00000, 0x0000000081c00000, 0x0000000081c00000|100%| O|  |TAMS 0x0000000081c00000, 0x0000000081b00000| Untracked 
|  16|0x0000000081c00000, 0x0000000081d00000, 0x0000000081d00000|100%| O|  |TAMS 0x0000000081d00000, 0x0000000081c00000| Untracked 
|  17|0x0000000081d00000, 0x0000000081e00000, 0x0000000081e00000|100%| O|  |TAMS 0x0000000081e00000, 0x0000000081d00000| Untracked 
|  18|0x0000000081e00000, 0x0000000081f00000, 0x0000000081f00000|100%| O|  |TAMS 0x0000000081f00000, 0x0000000081e00000| Untracked 
|  19|0x0000000081f00000, 0x0000000082000000, 0x0000000082000000|100%| O|  |TAMS 0x0000000082000000, 0x0000000081f00000| Untracked 
|  20|0x0000000082000000, 0x0000000082100000, 0x0000000082100000|100%| O|  |TAMS 0x0000000082100000, 0x0000000082000000| Untracked 
|  21|0x0000000082100000, 0x0000000082200000, 0x0000000082200000|100%| O|  |TAMS 0x0000000082200000, 0x0000000082100000| Untracked 
|  22|0x0000000082200000, 0x0000000082300000, 0x0000000082300000|100%| O|  |TAMS 0x0000000082300000, 0x0000000082200000| Untracked 
|  23|0x0000000082300000, 0x0000000082400000, 0x0000000082400000|100%| O|  |TAMS 0x0000000082400000, 0x0000000082300000| Untracked 
|  24|0x0000000082400000, 0x0000000082500000, 0x0000000082500000|100%| O|  |TAMS 0x0000000082500000, 0x0000000082400000| Untracked 
|  25|0x0000000082500000, 0x0000000082600000, 0x0000000082600000|100%| O|  |TAMS 0x0000000082600000, 0x0000000082500000| Untracked 
|  26|0x0000000082600000, 0x0000000082700000, 0x0000000082700000|100%| O|  |TAMS 0x0000000082700000, 0x0000000082600000| Untracked 
|  27|0x0000000082700000, 0x0000000082800000, 0x0000000082800000|100%| O|  |TAMS 0x0000000082735200, 0x0000000082700000| Untracked 
|  28|0x0000000082800000, 0x0000000082900000, 0x0000000082900000|100%| O|  |TAMS 0x0000000082900000, 0x0000000082800000| Untracked 
|  29|0x0000000082900000, 0x0000000082a00000, 0x0000000082a00000|100%| O|  |TAMS 0x0000000082a00000, 0x0000000082900000| Untracked 
|  30|0x0000000082a00000, 0x0000000082b00000, 0x0000000082b00000|100%| O|  |TAMS 0x0000000082b00000, 0x0000000082a00000| Untracked 
|  31|0x0000000082b00000, 0x0000000082c00000, 0x0000000082c00000|100%| O|  |TAMS 0x0000000082b00000, 0x0000000082b00000| Untracked 
|  32|0x0000000082c00000, 0x0000000082d00000, 0x0000000082d00000|100%| O|  |TAMS 0x0000000082c00000, 0x0000000082c00000| Untracked 
|  33|0x0000000082d00000, 0x0000000082d88800, 0x0000000082e00000| 53%| O|  |TAMS 0x0000000082d00000, 0x0000000082d00000| Untracked 
|  34|0x0000000082e00000, 0x0000000082e00000, 0x0000000082f00000|  0%| F|  |TAMS 0x0000000082e00000, 0x0000000082e00000| Untracked 
|  35|0x0000000082f00000, 0x0000000082f00000, 0x0000000083000000|  0%| F|  |TAMS 0x0000000082f00000, 0x0000000082f00000| Untracked 
|  36|0x0000000083000000, 0x0000000083000000, 0x0000000083100000|  0%| F|  |TAMS 0x0000000083000000, 0x0000000083000000| Untracked 
|  37|0x0000000083100000, 0x0000000083100000, 0x0000000083200000|  0%| F|  |TAMS 0x0000000083100000, 0x0000000083100000| Untracked 
|  38|0x0000000083200000, 0x0000000083200000, 0x0000000083300000|  0%| F|  |TAMS 0x0000000083200000, 0x0000000083200000| Untracked 
|  39|0x0000000083300000, 0x0000000083300000, 0x0000000083400000|  0%| F|  |TAMS 0x0000000083300000, 0x0000000083300000| Untracked 
|  40|0x0000000083400000, 0x0000000083400000, 0x0000000083500000|  0%| F|  |TAMS 0x0000000083400000, 0x0000000083400000| Untracked 
|  41|0x0000000083500000, 0x0000000083500000, 0x0000000083600000|  0%| F|  |TAMS 0x0000000083500000, 0x0000000083500000| Untracked 
|  42|0x0000000083600000, 0x0000000083600000, 0x0000000083700000|  0%| F|  |TAMS 0x0000000083600000, 0x0000000083600000| Untracked 
|  43|0x0000000083700000, 0x0000000083700000, 0x0000000083800000|  0%| F|  |TAMS 0x0000000083700000, 0x0000000083700000| Untracked 
|  44|0x0000000083800000, 0x0000000083800000, 0x0000000083900000|  0%| F|  |TAMS 0x0000000083800000, 0x0000000083800000| Untracked 
|  45|0x0000000083900000, 0x0000000083900000, 0x0000000083a00000|  0%| F|  |TAMS 0x0000000083900000, 0x0000000083900000| Untracked 
|  46|0x0000000083a00000, 0x0000000083a00000, 0x0000000083b00000|  0%| F|  |TAMS 0x0000000083a00000, 0x0000000083a00000| Untracked 
|  47|0x0000000083b00000, 0x0000000083b00000, 0x0000000083c00000|  0%| F|  |TAMS 0x0000000083b00000, 0x0000000083b00000| Untracked 
|  48|0x0000000083c00000, 0x0000000083d00000, 0x0000000083d00000|100%| S|CS|TAMS 0x0000000083c00000, 0x0000000083c00000| Complete 
|  49|0x0000000083d00000, 0x0000000083e00000, 0x0000000083e00000|100%| S|CS|TAMS 0x0000000083d00000, 0x0000000083d00000| Complete 
|  50|0x0000000083e00000, 0x0000000083f00000, 0x0000000083f00000|100%| S|CS|TAMS 0x0000000083e00000, 0x0000000083e00000| Complete 
|  51|0x0000000083f00000, 0x0000000084000000, 0x0000000084000000|100%| S|CS|TAMS 0x0000000083f00000, 0x0000000083f00000| Complete 
|  52|0x0000000084000000, 0x0000000084100000, 0x0000000084100000|100%| S|CS|TAMS 0x0000000084000000, 0x0000000084000000| Complete 
|  53|0x0000000084100000, 0x0000000084100000, 0x0000000084200000|  0%| F|  |TAMS 0x0000000084100000, 0x0000000084100000| Untracked 
|  54|0x0000000084200000, 0x0000000084200000, 0x0000000084300000|  0%| F|  |TAMS 0x0000000084200000, 0x0000000084200000| Untracked 
|  55|0x0000000084300000, 0x0000000084300000, 0x0000000084400000|  0%| F|  |TAMS 0x0000000084300000, 0x0000000084300000| Untracked 
|  56|0x0000000084400000, 0x0000000084400000, 0x0000000084500000|  0%| F|  |TAMS 0x0000000084400000, 0x0000000084400000| Untracked 
|  57|0x0000000084500000, 0x0000000084500000, 0x0000000084600000|  0%| F|  |TAMS 0x0000000084500000, 0x0000000084500000| Untracked 
|  58|0x0000000084600000, 0x0000000084600000, 0x0000000084700000|  0%| F|  |TAMS 0x0000000084600000, 0x0000000084600000| Untracked 
|  59|0x0000000084700000, 0x0000000084800000, 0x0000000084800000|100%| S|CS|TAMS 0x0000000084700000, 0x0000000084700000| Complete 
|  60|0x0000000084800000, 0x0000000084900000, 0x0000000084900000|100%| S|CS|TAMS 0x0000000084800000, 0x0000000084800000| Complete 
|  61|0x0000000084900000, 0x0000000084900000, 0x0000000084a00000|  0%| F|  |TAMS 0x0000000084900000, 0x0000000084900000| Untracked 
|  62|0x0000000084a00000, 0x0000000084a00000, 0x0000000084b00000|  0%| F|  |TAMS 0x0000000084a00000, 0x0000000084a00000| Untracked 
|  63|0x0000000084b00000, 0x0000000084b00000, 0x0000000084c00000|  0%| F|  |TAMS 0x0000000084b00000, 0x0000000084b00000| Untracked 
|  64|0x0000000084c00000, 0x0000000084c00000, 0x0000000084d00000|  0%| F|  |TAMS 0x0000000084c00000, 0x0000000084c00000| Untracked 
|  65|0x0000000084d00000, 0x0000000084d00000, 0x0000000084e00000|  0%| F|  |TAMS 0x0000000084d00000, 0x0000000084d00000| Untracked 
|  66|0x0000000084e00000, 0x0000000084e00000, 0x0000000084f00000|  0%| F|  |TAMS 0x0000000084e00000, 0x0000000084e00000| Untracked 
|  67|0x0000000084f00000, 0x0000000084f00000, 0x0000000085000000|  0%| F|  |TAMS 0x0000000084f00000, 0x0000000084f00000| Untracked 
|  68|0x0000000085000000, 0x0000000085000000, 0x0000000085100000|  0%| F|  |TAMS 0x0000000085000000, 0x0000000085000000| Untracked 
|  69|0x0000000085100000, 0x0000000085100000, 0x0000000085200000|  0%| F|  |TAMS 0x0000000085100000, 0x0000000085100000| Untracked 
|  70|0x0000000085200000, 0x0000000085200000, 0x0000000085300000|  0%| F|  |TAMS 0x0000000085200000, 0x0000000085200000| Untracked 
|  71|0x0000000085300000, 0x0000000085300000, 0x0000000085400000|  0%| F|  |TAMS 0x0000000085300000, 0x0000000085300000| Untracked 
|  72|0x0000000085400000, 0x0000000085400000, 0x0000000085500000|  0%| F|  |TAMS 0x0000000085400000, 0x0000000085400000| Untracked 
|  73|0x0000000085500000, 0x0000000085500000, 0x0000000085600000|  0%| F|  |TAMS 0x0000000085500000, 0x0000000085500000| Untracked 
|  74|0x0000000085600000, 0x0000000085600000, 0x0000000085700000|  0%| F|  |TAMS 0x0000000085600000, 0x0000000085600000| Untracked 
|  75|0x0000000085700000, 0x00000000857b5110, 0x0000000085800000| 70%| E|  |TAMS 0x0000000085700000, 0x0000000085700000| Complete 
|  76|0x0000000085800000, 0x0000000085900000, 0x0000000085900000|100%| E|CS|TAMS 0x0000000085800000, 0x0000000085800000| Complete 
|  77|0x0000000085900000, 0x0000000085a00000, 0x0000000085a00000|100%| E|CS|TAMS 0x0000000085900000, 0x0000000085900000| Complete 
|  78|0x0000000085a00000, 0x0000000085b00000, 0x0000000085b00000|100%| E|CS|TAMS 0x0000000085a00000, 0x0000000085a00000| Complete 
|  79|0x0000000085b00000, 0x0000000085c00000, 0x0000000085c00000|100%| E|CS|TAMS 0x0000000085b00000, 0x0000000085b00000| Complete 
|  80|0x0000000085c00000, 0x0000000085d00000, 0x0000000085d00000|100%| E|CS|TAMS 0x0000000085c00000, 0x0000000085c00000| Complete 
|  81|0x0000000085d00000, 0x0000000085e00000, 0x0000000085e00000|100%| E|CS|TAMS 0x0000000085d00000, 0x0000000085d00000| Complete 
|  82|0x0000000085e00000, 0x0000000085f00000, 0x0000000085f00000|100%| E|CS|TAMS 0x0000000085e00000, 0x0000000085e00000| Complete 
|  83|0x0000000085f00000, 0x0000000086000000, 0x0000000086000000|100%| E|CS|TAMS 0x0000000085f00000, 0x0000000085f00000| Complete 
|  84|0x0000000086000000, 0x0000000086100000, 0x0000000086100000|100%| E|CS|TAMS 0x0000000086000000, 0x0000000086000000| Complete 
|  85|0x0000000086100000, 0x0000000086200000, 0x0000000086200000|100%| E|CS|TAMS 0x0000000086100000, 0x0000000086100000| Complete 
|  86|0x0000000086200000, 0x0000000086300000, 0x0000000086300000|100%| E|CS|TAMS 0x0000000086200000, 0x0000000086200000| Complete 
|  87|0x0000000086300000, 0x0000000086400000, 0x0000000086400000|100%| E|CS|TAMS 0x0000000086300000, 0x0000000086300000| Complete 
|  88|0x0000000086400000, 0x0000000086500000, 0x0000000086500000|100%| E|CS|TAMS 0x0000000086400000, 0x0000000086400000| Complete 
|  89|0x0000000086500000, 0x0000000086600000, 0x0000000086600000|100%| E|CS|TAMS 0x0000000086500000, 0x0000000086500000| Complete 
|  90|0x0000000086600000, 0x0000000086700000, 0x0000000086700000|100%| E|CS|TAMS 0x0000000086600000, 0x0000000086600000| Complete 
|  91|0x0000000086700000, 0x0000000086800000, 0x0000000086800000|100%| E|CS|TAMS 0x0000000086700000, 0x0000000086700000| Complete 
|  92|0x0000000086800000, 0x0000000086900000, 0x0000000086900000|100%| E|CS|TAMS 0x0000000086800000, 0x0000000086800000| Complete 
|  93|0x0000000086900000, 0x0000000086a00000, 0x0000000086a00000|100%| E|CS|TAMS 0x0000000086900000, 0x0000000086900000| Complete 
|  94|0x0000000086a00000, 0x0000000086b00000, 0x0000000086b00000|100%| E|CS|TAMS 0x0000000086a00000, 0x0000000086a00000| Complete 
|  95|0x0000000086b00000, 0x0000000086c00000, 0x0000000086c00000|100%| E|CS|TAMS 0x0000000086b00000, 0x0000000086b00000| Complete 
|  96|0x0000000086c00000, 0x0000000086d00000, 0x0000000086d00000|100%| E|CS|TAMS 0x0000000086c00000, 0x0000000086c00000| Complete 
|  97|0x0000000086d00000, 0x0000000086e00000, 0x0000000086e00000|100%| E|CS|TAMS 0x0000000086d00000, 0x0000000086d00000| Complete 
|  98|0x0000000086e00000, 0x0000000086f00000, 0x0000000086f00000|100%| E|CS|TAMS 0x0000000086e00000, 0x0000000086e00000| Complete 
|  99|0x0000000086f00000, 0x0000000087000000, 0x0000000087000000|100%| E|CS|TAMS 0x0000000086f00000, 0x0000000086f00000| Complete 
| 100|0x0000000087000000, 0x0000000087100000, 0x0000000087100000|100%| E|CS|TAMS 0x0000000087000000, 0x0000000087000000| Complete 
| 101|0x0000000087100000, 0x0000000087200000, 0x0000000087200000|100%| E|CS|TAMS 0x0000000087100000, 0x0000000087100000| Complete 
| 102|0x0000000087200000, 0x0000000087300000, 0x0000000087300000|100%| E|CS|TAMS 0x0000000087200000, 0x0000000087200000| Complete 
| 103|0x0000000087300000, 0x0000000087400000, 0x0000000087400000|100%| E|CS|TAMS 0x0000000087300000, 0x0000000087300000| Complete 
| 104|0x0000000087400000, 0x0000000087500000, 0x0000000087500000|100%| E|CS|TAMS 0x0000000087400000, 0x0000000087400000| Complete 
| 105|0x0000000087500000, 0x0000000087600000, 0x0000000087600000|100%| E|CS|TAMS 0x0000000087500000, 0x0000000087500000| Complete 
| 106|0x0000000087600000, 0x0000000087700000, 0x0000000087700000|100%| E|CS|TAMS 0x0000000087600000, 0x0000000087600000| Complete 
| 107|0x0000000087700000, 0x0000000087800000, 0x0000000087800000|100%| E|CS|TAMS 0x0000000087700000, 0x0000000087700000| Complete 
| 108|0x0000000087800000, 0x0000000087900000, 0x0000000087900000|100%| E|CS|TAMS 0x0000000087800000, 0x0000000087800000| Complete 
| 109|0x0000000087900000, 0x0000000087a00000, 0x0000000087a00000|100%| E|CS|TAMS 0x0000000087900000, 0x0000000087900000| Complete 
| 110|0x0000000087a00000, 0x0000000087b00000, 0x0000000087b00000|100%| E|CS|TAMS 0x0000000087a00000, 0x0000000087a00000| Complete 

Card table byte_map: [0x0000021678350000,0x0000021678750000] _byte_map_base: 0x0000021677f4a000

Marking Bits (Prev, Next): (CMBitMap*) 0x0000021670715100, (CMBitMap*) 0x00000216707150c0
 Prev Bits: [0x000002167ab20000, 0x000002167caf0000)
 Next Bits: [0x0000021678b50000, 0x000002167ab20000)

Polling page: 0x000002166fe80000

Metaspace:

Usage:
  Non-class:     63.80 MB used.
      Class:     10.12 MB used.
       Both:     73.93 MB used.

Virtual space:
  Non-class space:      128.00 MB reserved,      64.06 MB ( 50%) committed,  2 nodes.
      Class space:        1.00 GB reserved,      10.38 MB (  1%) committed,  1 nodes.
             Both:        1.12 GB reserved,      74.44 MB (  6%) committed. 

Chunk freelists:
   Non-Class:  15.95 MB
       Class:  5.45 MB
        Both:  21.40 MB

MaxMetaspaceSize: unlimited
CompressedClassSpaceSize: 1.00 GB
Initial GC threshold: 21.00 MB
Current GC threshold: 83.56 MB
CDS: on
MetaspaceReclaimPolicy: balanced
 - commit_granule_bytes: 65536.
 - commit_granule_words: 8192.
 - virtual_space_node_default_size: 8388608.
 - enlarge_chunks_in_place: 1.
 - new_chunks_are_fully_committed: 0.
 - uncommit_free_chunks: 1.
 - use_allocation_guard: 0.
 - handle_deallocations: 1.


Internal statistics:

num_allocs_failed_limit: 6.
num_arena_births: 764.
num_arena_deaths: 0.
num_vsnodes_births: 3.
num_vsnodes_deaths: 0.
num_space_committed: 1191.
num_space_uncommitted: 0.
num_chunks_returned_to_freelist: 6.
num_chunks_taken_from_freelist: 3432.
num_chunk_merges: 3.
num_chunk_splits: 2451.
num_chunks_enlarged: 1925.
num_purges: 0.
num_inconsistent_stats: 0.

CodeHeap 'non-profiled nmethods': size=120064Kb used=3596Kb max_used=3596Kb free=116467Kb
 bounds [0x0000021607ac0000, 0x0000021607e50000, 0x000002160f000000]
CodeHeap 'profiled nmethods': size=120000Kb used=12457Kb max_used=12457Kb free=107542Kb
 bounds [0x0000021600000000, 0x0000021600c30000, 0x0000021607530000]
CodeHeap 'non-nmethods': size=5696Kb used=1359Kb max_used=1412Kb free=4336Kb
 bounds [0x0000021607530000, 0x00000216077a0000, 0x0000021607ac0000]
 total_blobs=7234 nmethods=6540 adapters=606
 compilation: enabled
              stopped_count=0, restarted_count=0
 full_count=0

Compilation events (20 events):
Event: 224.816 Thread 0x000002167ecce1b0 nmethod 7384 0x0000021600c25710 code [0x0000021600c25c40, 0x0000021600c281c8]
Event: 224.816 Thread 0x000002167ecce1b0 7387       1       java.util.concurrent.ConcurrentLinkedQueue$CLQSpliterator::characteristics (4 bytes)
Event: 224.816 Thread 0x000002167ecce1b0 nmethod 7387 0x0000021607e40710 code [0x0000021607e408a0, 0x0000021607e40978]
Event: 224.816 Thread 0x000002167ecce1b0 7385       1       com.fasterxml.jackson.core.StreamReadCapability::getMask (5 bytes)
Event: 224.816 Thread 0x000002167ecce1b0 nmethod 7385 0x0000021607e40a10 code [0x0000021607e40ba0, 0x0000021607e40c78]
Event: 224.816 Thread 0x000002167ecce1b0 7386       1       com.fasterxml.jackson.databind.introspect.AnnotatedMethod::getMember (5 bytes)
Event: 224.816 Thread 0x000002167ecce1b0 nmethod 7386 0x0000021607e40d10 code [0x0000021607e40ea0, 0x0000021607e40f78]
Event: 224.827 Thread 0x000002167ecce1b0 7388       3       org.springframework.web.util.HierarchicalUriComponents$Type$10::isAllowed (40 bytes)
Event: 224.827 Thread 0x000002167ecce1b0 nmethod 7388 0x0000021600c28a90 code [0x0000021600c28c60, 0x0000021600c29258]
Event: 224.828 Thread 0x000002167ecce1b0 7389       1       java.nio.charset.CharsetDecoder::charset (5 bytes)
Event: 224.828 Thread 0x000002167ecce1b0 nmethod 7389 0x0000021607e41010 code [0x0000021607e411a0, 0x0000021607e41278]
Event: 224.828 Thread 0x000002167ec618d0 7390   !   4       sun.nio.ch.NioSocketImpl::tryRead (87 bytes)
Event: 224.833 Thread 0x000002167ecce1b0 7391       3       org.apache.hc.core5.util.CharArrayBuffer::isWhitespace (30 bytes)
Event: 224.833 Thread 0x000002167ecce1b0 nmethod 7391 0x0000021600c29390 code [0x0000021600c29520, 0x0000021600c29718]
Event: 224.833 Thread 0x000002167ecce1b0 7392       3       org.apache.hc.core5.http.protocol.HttpCoreContext::setAttribute (12 bytes)
Event: 224.833 Thread 0x000002167ecce1b0 nmethod 7392 0x0000021600c29790 code [0x0000021600c29940, 0x0000021600c29b08]
Event: 224.833 Thread 0x000002167ecce1b0 7393       3       org.apache.hc.core5.http.protocol.BasicHttpContext::setAttribute (34 bytes)
Event: 224.834 Thread 0x000002167ecce1b0 nmethod 7393 0x0000021600c29c10 code [0x0000021600c29e00, 0x0000021600c2a2e8]
Event: 224.848 Thread 0x000002167ec618d0 nmethod 7390 0x0000021607e41310 code [0x0000021607e415a0, 0x0000021607e422c8]
Event: 224.848 Thread 0x000002167ec618d0 7394       4       java.util.HashMap::computeIfAbsent (330 bytes)

GC Heap History (20 events):
Event: 7.583 GC heap before
{Heap before GC invocations=8 (full 0):
 garbage-first heap   total 55296K, used 39805K [0x0000000080c00000, 0x0000000100000000)
  region size 1024K, 23 young (23552K), 2 survivors (2048K)
 Metaspace       used 29778K, committed 30144K, reserved 1114112K
  class space    used 3897K, committed 4096K, reserved 1048576K
}
Event: 7.591 GC heap after
{Heap after GC invocations=9 (full 0):
 garbage-first heap   total 55296K, used 20463K [0x0000000080c00000, 0x0000000100000000)
  region size 1024K, 3 young (3072K), 3 survivors (3072K)
 Metaspace       used 29778K, committed 30144K, reserved 1114112K
  class space    used 3897K, committed 4096K, reserved 1048576K
}
Event: 8.200 GC heap before
{Heap before GC invocations=9 (full 0):
 garbage-first heap   total 55296K, used 40943K [0x0000000080c00000, 0x0000000100000000)
  region size 1024K, 24 young (24576K), 3 survivors (3072K)
 Metaspace       used 33896K, committed 34304K, reserved 1114112K
  class space    used 4405K, committed 4608K, reserved 1048576K
}
Event: 8.209 GC heap after
{Heap after GC invocations=10 (full 0):
 garbage-first heap   total 55296K, used 23535K [0x0000000080c00000, 0x0000000100000000)
  region size 1024K, 3 young (3072K), 3 survivors (3072K)
 Metaspace       used 33896K, committed 34304K, reserved 1114112K
  class space    used 4405K, committed 4608K, reserved 1048576K
}
Event: 8.236 GC heap before
{Heap before GC invocations=10 (full 0):
 garbage-first heap   total 55296K, used 33775K [0x0000000080c00000, 0x0000000100000000)
  region size 1024K, 10 young (10240K), 3 survivors (3072K)
 Metaspace       used 33896K, committed 34304K, reserved 1114112K
  class space    used 4405K, committed 4608K, reserved 1048576K
}
Event: 8.243 GC heap after
{Heap after GC invocations=11 (full 0):
 garbage-first heap   total 66560K, used 28422K [0x0000000080c00000, 0x0000000100000000)
  region size 1024K, 2 young (2048K), 2 survivors (2048K)
 Metaspace       used 33896K, committed 34304K, reserved 1114112K
  class space    used 4405K, committed 4608K, reserved 1048576K
}
Event: 8.627 GC heap before
{Heap before GC invocations=11 (full 0):
 garbage-first heap   total 66560K, used 52998K [0x0000000080c00000, 0x0000000100000000)
  region size 1024K, 24 young (24576K), 2 survivors (2048K)
 Metaspace       used 34956K, committed 35392K, reserved 1114112K
  class space    used 4527K, committed 4736K, reserved 1048576K
}
Event: 8.634 GC heap after
{Heap after GC invocations=12 (full 0):
 garbage-first heap   total 66560K, used 27755K [0x0000000080c00000, 0x0000000100000000)
  region size 1024K, 2 young (2048K), 2 survivors (2048K)
 Metaspace       used 34956K, committed 35392K, reserved 1114112K
  class space    used 4527K, committed 4736K, reserved 1048576K
}
Event: 8.710 GC heap before
{Heap before GC invocations=12 (full 0):
 garbage-first heap   total 66560K, used 28779K [0x0000000080c00000, 0x0000000100000000)
  region size 1024K, 4 young (4096K), 2 survivors (2048K)
 Metaspace       used 35549K, committed 35968K, reserved 1114112K
  class space    used 4593K, committed 4800K, reserved 1048576K
}
Event: 8.714 GC heap after
{Heap after GC invocations=13 (full 0):
 garbage-first heap   total 66560K, used 27991K [0x0000000080c00000, 0x0000000100000000)
  region size 1024K, 1 young (1024K), 1 survivors (1024K)
 Metaspace       used 35549K, committed 35968K, reserved 1114112K
  class space    used 4593K, committed 4800K, reserved 1048576K
}
Event: 9.478 GC heap before
{Heap before GC invocations=14 (full 0):
 garbage-first heap   total 66560K, used 51543K [0x0000000080c00000, 0x0000000100000000)
  region size 1024K, 24 young (24576K), 1 survivors (1024K)
 Metaspace       used 38992K, committed 39424K, reserved 1114112K
  class space    used 5083K, committed 5312K, reserved 1048576K
}
Event: 9.492 GC heap after
{Heap after GC invocations=15 (full 0):
 garbage-first heap   total 66560K, used 30880K [0x0000000080c00000, 0x0000000100000000)
  region size 1024K, 3 young (3072K), 3 survivors (3072K)
 Metaspace       used 38992K, committed 39424K, reserved 1114112K
  class space    used 5083K, committed 5312K, reserved 1048576K
}
Event: 10.004 GC heap before
{Heap before GC invocations=15 (full 0):
 garbage-first heap   total 66560K, used 51360K [0x0000000080c00000, 0x0000000100000000)
  region size 1024K, 23 young (23552K), 3 survivors (3072K)
 Metaspace       used 43478K, committed 43840K, reserved 1114112K
  class space    used 5732K, committed 5888K, reserved 1048576K
}
Event: 10.011 GC heap after
{Heap after GC invocations=16 (full 0):
 garbage-first heap   total 66560K, used 32405K [0x0000000080c00000, 0x0000000100000000)
  region size 1024K, 2 young (2048K), 2 survivors (2048K)
 Metaspace       used 43478K, committed 43840K, reserved 1114112K
  class space    used 5732K, committed 5888K, reserved 1048576K
}
Event: 10.712 GC heap before
{Heap before GC invocations=16 (full 0):
 garbage-first heap   total 66560K, used 51861K [0x0000000080c00000, 0x0000000100000000)
  region size 1024K, 21 young (21504K), 2 survivors (2048K)
 Metaspace       used 50877K, committed 51328K, reserved 1114112K
  class space    used 6704K, committed 6912K, reserved 1048576K
}
Event: 10.719 GC heap after
{Heap after GC invocations=17 (full 0):
 garbage-first heap   total 113664K, used 34455K [0x0000000080c00000, 0x0000000100000000)
  region size 1024K, 3 young (3072K), 3 survivors (3072K)
 Metaspace       used 50877K, committed 51328K, reserved 1114112K
  class space    used 6704K, committed 6912K, reserved 1048576K
}
Event: 12.487 GC heap before
{Heap before GC invocations=18 (full 0):
 garbage-first heap   total 113664K, used 87703K [0x0000000080c00000, 0x0000000100000000)
  region size 1024K, 55 young (56320K), 3 survivors (3072K)
 Metaspace       used 64100K, committed 64640K, reserved 1114112K
  class space    used 8717K, committed 9024K, reserved 1048576K
}
Event: 12.499 GC heap after
{Heap after GC invocations=19 (full 0):
 garbage-first heap   total 113664K, used 37527K [0x0000000080c00000, 0x0000000100000000)
  region size 1024K, 6 young (6144K), 6 survivors (6144K)
 Metaspace       used 64100K, committed 64640K, reserved 1114112K
  class space    used 8717K, committed 9024K, reserved 1048576K
}
Event: 13.824 GC heap before
{Heap before GC invocations=19 (full 0):
 garbage-first heap   total 113664K, used 88727K [0x0000000080c00000, 0x0000000100000000)
  region size 1024K, 56 young (57344K), 6 survivors (6144K)
 Metaspace       used 70497K, committed 71040K, reserved 1114112K
  class space    used 9665K, committed 9920K, reserved 1048576K
}
Event: 13.841 GC heap after
{Heap after GC invocations=20 (full 0):
 garbage-first heap   total 113664K, used 41489K [0x0000000080c00000, 0x0000000100000000)
  region size 1024K, 7 young (7168K), 7 survivors (7168K)
 Metaspace       used 70497K, committed 71040K, reserved 1114112K
  class space    used 9665K, committed 9920K, reserved 1048576K
}

Deoptimization events (20 events):
Event: 14.666 Thread 0x000002167f19e410 DEOPT PACKING pc=0x0000021607b168f8 sp=0x0000005ae87f9e60
Event: 14.666 Thread 0x000002167f19e410 DEOPT UNPACKING pc=0x00000216075823a3 sp=0x0000005ae87f9eb0 mode 2
Event: 14.870 Thread 0x000002167f19e410 DEOPT PACKING pc=0x0000021600b7be46 sp=0x0000005ae87fdff0
Event: 14.870 Thread 0x000002167f19e410 DEOPT UNPACKING pc=0x0000021607582b43 sp=0x0000005ae87fd4c8 mode 0
Event: 14.891 Thread 0x000002167f19e410 Uncommon trap: trap_request=0xffffff45 fr.pc=0x0000021607b54860 relative=0x0000000000000060
Event: 14.891 Thread 0x000002167f19e410 Uncommon trap: reason=unstable_if action=reinterpret pc=0x0000021607b54860 method=org.springframework.util.ConcurrentReferenceHashMap$Segment.clear()V @ 7 c2
Event: 14.891 Thread 0x000002167f19e410 DEOPT PACKING pc=0x0000021607b54860 sp=0x0000005ae87fe1e0
Event: 14.891 Thread 0x000002167f19e410 DEOPT UNPACKING pc=0x00000216075823a3 sp=0x0000005ae87fe170 mode 2
Event: 14.897 Thread 0x000002167f19e410 Uncommon trap: trap_request=0xffffff54 fr.pc=0x0000021607bd6ffc relative=0x000000000000033c
Event: 14.897 Thread 0x000002167f19e410 Uncommon trap: reason=speculate_null_assert action=make_not_entrant pc=0x0000021607bd6ffc method=org.springframework.util.ConcurrentReferenceHashMap$Segment.restructureIfNecessary(Z)V @ 41 c2
Event: 14.897 Thread 0x000002167f19e410 DEOPT PACKING pc=0x0000021607bd6ffc sp=0x0000005ae87fe240
Event: 14.897 Thread 0x000002167f19e410 DEOPT UNPACKING pc=0x00000216075823a3 sp=0x0000005ae87fe208 mode 2
Event: 44.712 Thread 0x000002165566e660 Uncommon trap: trap_request=0xffffffde fr.pc=0x0000021607b168f8 relative=0x0000000000001298
Event: 44.712 Thread 0x000002165566e660 Uncommon trap: reason=class_check action=maybe_recompile pc=0x0000021607b168f8 method=java.util.zip.InflaterInputStream.read([BII)I @ 100 c2
Event: 44.712 Thread 0x000002165566e660 DEOPT PACKING pc=0x0000021607b168f8 sp=0x0000005aea4fe630
Event: 44.712 Thread 0x000002165566e660 DEOPT UNPACKING pc=0x00000216075823a3 sp=0x0000005aea4fe680 mode 2
Event: 44.713 Thread 0x000002165566e660 Uncommon trap: trap_request=0xffffffde fr.pc=0x0000021607b168f8 relative=0x0000000000001298
Event: 44.713 Thread 0x000002165566e660 Uncommon trap: reason=class_check action=maybe_recompile pc=0x0000021607b168f8 method=java.util.zip.InflaterInputStream.read([BII)I @ 100 c2
Event: 44.713 Thread 0x000002165566e660 DEOPT PACKING pc=0x0000021607b168f8 sp=0x0000005aea4fd4c0
Event: 44.713 Thread 0x000002165566e660 DEOPT UNPACKING pc=0x00000216075823a3 sp=0x0000005aea4fd510 mode 2

Classes unloaded (0 events):
No events

Classes redefined (0 events):
No events

Internal exceptions (20 events):
Event: 12.790 Thread 0x000002167f19e410 Exception <a 'java/lang/NoSuchMethodError'{0x0000000086b08278}: 'java.lang.Object java.lang.invoke.Invokers$Holder.invoke_MT(java.lang.Object, java.lang.Object, java.lang.Object, java.lang.Object, java.lang.Object, java.lang.Object, java.lang.Object, java.lang.Object, java.lang.Object)'> (0x0000000086b08278) 
thrown [s\open\src\hotspot\share\interpreter\linkResolver.cpp, line 759]
Event: 12.794 Thread 0x000002167f19e410 Exception <a 'java/lang/IncompatibleClassChangeError'{0x0000000086b310f0}: Found class java.lang.Object, but interface was expected> (0x0000000086b310f0) 
thrown [s\open\src\hotspot\share\interpreter\linkResolver.cpp, line 826]
Event: 12.861 Thread 0x000002167f19e410 Exception <a 'java/lang/NoSuchMethodError'{0x0000000086ab10e0}: 'java.lang.Object java.lang.invoke.DirectMethodHandle$Holder.invokeStatic(java.lang.Object, int, java.lang.Object)'> (0x0000000086ab10e0) 
thrown [s\open\src\hotspot\share\interpreter\linkResolver.cpp, line 759]
Event: 13.104 Thread 0x000002167f19e410 Exception <a 'java/lang/NoSuchMethodError'{0x000000008601a8a0}: 'void java.lang.invoke.DirectMethodHandle$Holder.invokeVirtual(java.lang.Object, java.lang.Object, long)'> (0x000000008601a8a0) 
thrown [s\open\src\hotspot\share\interpreter\linkResolver.cpp, line 759]
Event: 13.285 Thread 0x000002167f19e410 Exception <a 'java/lang/IncompatibleClassChangeError'{0x0000000085a0b730}: Found class java.lang.Object, but interface was expected> (0x0000000085a0b730) 
thrown [s\open\src\hotspot\share\interpreter\linkResolver.cpp, line 826]
Event: 13.429 Thread 0x000002167f19e410 Exception <a 'java/lang/NoSuchMethodError'{0x00000000857575e0}: 'java.lang.Object java.lang.invoke.DirectMethodHandle$Holder.newInvokeSpecial(java.lang.Object, java.lang.Object, java.lang.Object, java.lang.Object, java.lang.Object, java.lang.Object, java.lang.Object, java.lang.Object, java.lang.Object)'> (0x00000000857575e0) 
thrown [s\open\src\hotspot\share\interpreter\linkResolver.cpp, line 759]
Event: 13.429 Thread 0x000002167f19e410 Exception <a 'java/lang/NoSuchMethodError'{0x000000008575c2d8}: 'java.lang.Object java.lang.invoke.Invokers$Holder.linkToTargetMethod(java.lang.Object, java.lang.Object, java.lang.Object, java.lang.Object, java.lang.Object, java.lang.Object, java.lang.Object, java.lang.Object, java.lang.Object)'> (0x000000008575c2d8) 
thrown [s\open\src\hotspot\share\interpreter\linkResolver.cpp, line 759]
Event: 13.713 Thread 0x000002167f19e410 Exception <a 'java/lang/NoSuchMethodError'{0x0000000084df74c8}: 'double java.lang.invoke.DirectMethodHandle$Holder.invokeStatic(java.lang.Object, java.lang.Object)'> (0x0000000084df74c8) 
thrown [s\open\src\hotspot\share\interpreter\linkResolver.cpp, line 759]
Event: 13.788 Thread 0x000002167f19e410 Implicit null exception at 0x0000021607c4a33a to 0x0000021607c4a52c
Event: 13.845 Thread 0x000002167f05b200 Implicit null exception at 0x0000021607c57b05 to 0x0000021607c57d8c
Event: 13.870 Thread 0x000002167f05b200 Exception <a 'java/lang/NoSuchMethodError'{0x0000000087a1fb68}: 'long java.lang.invoke.DirectMethodHandle$Holder.invokeStatic(java.lang.Object, java.lang.Object, java.lang.Object)'> (0x0000000087a1fb68) 
thrown [s\open\src\hotspot\share\interpreter\linkResolver.cpp, line 759]
Event: 14.110 Thread 0x000002167f19e410 Exception <a 'java/lang/NoSuchMethodError'{0x0000000087042348}: 'void java.lang.invoke.DirectMethodHandle$Holder.invokeStatic(java.lang.Object, java.lang.Object, double)'> (0x0000000087042348) 
thrown [s\open\src\hotspot\share\interpreter\linkResolver.cpp, line 759]
Event: 14.128 Thread 0x000002167f19e410 Exception <a 'java/lang/NoSuchMethodError'{0x000000008709d118}: 'double java.lang.invoke.DirectMethodHandle$Holder.invokeStatic(java.lang.Object, java.lang.Object, java.lang.Object)'> (0x000000008709d118) 
thrown [s\open\src\hotspot\share\interpreter\linkResolver.cpp, line 759]
Event: 14.152 Thread 0x000002167f19e410 Exception <a 'java/lang/IncompatibleClassChangeError'{0x0000000086f92150}: Found class java.lang.Object, but interface was expected> (0x0000000086f92150) 
thrown [s\open\src\hotspot\share\interpreter\linkResolver.cpp, line 826]
Event: 14.156 Thread 0x000002167f19e410 Exception <a 'java/lang/NoSuchMethodError'{0x0000000086fabe00}: 'java.lang.Object java.lang.invoke.DirectMethodHandle$Holder.newInvokeSpecial(java.lang.Object, java.lang.Object, int, java.lang.Object, java.lang.Object)'> (0x0000000086fabe00) 
thrown [s\open\src\hotspot\share\interpreter\linkResolver.cpp, line 759]
Event: 14.157 Thread 0x000002167f19e410 Exception <a 'java/lang/NoSuchMethodError'{0x0000000086fb7468}: 'java.lang.Object java.lang.invoke.DirectMethodHandle$Holder.invokeSpecial(java.lang.Object, java.lang.Object, int, java.lang.Object, int, java.lang.Object)'> (0x0000000086fb7468) 
thrown [s\open\src\hotspot\share\interpreter\linkResolver.cpp, line 759]
Event: 14.158 Thread 0x000002167f19e410 Exception <a 'java/lang/NoSuchMethodError'{0x0000000086fbf518}: 'java.lang.Object java.lang.invoke.DirectMethodHandle$Holder.newInvokeSpecial(java.lang.Object, java.lang.Object, int, java.lang.Object, int)'> (0x0000000086fbf518) 
thrown [s\open\src\hotspot\share\interpreter\linkResolver.cpp, line 759]
Event: 14.158 Thread 0x000002167f19e410 Exception <a 'java/lang/NoSuchMethodError'{0x0000000086fc3618}: 'java.lang.Object java.lang.invoke.DirectMethodHandle$Holder.invokeSpecial(java.lang.Object, java.lang.Object, java.lang.Object, int, java.lang.Object, int)'> (0x0000000086fc3618) 
thrown [s\open\src\hotspot\share\interpreter\linkResolver.cpp, line 759]
Event: 14.233 Thread 0x000002167f19e410 Exception <a 'java/lang/IncompatibleClassChangeError'{0x0000000086db6f08}: Found class java.lang.Object, but interface was expected> (0x0000000086db6f08) 
thrown [s\open\src\hotspot\share\interpreter\linkResolver.cpp, line 826]
Event: 14.263 Thread 0x000002167f19e410 Implicit null exception at 0x0000021607c428fe to 0x0000021607c430bc

VM Operations (20 events):
Event: 129.865 Executing VM operation: Cleanup
Event: 129.866 Executing VM operation: Cleanup done
Event: 134.909 Executing VM operation: Cleanup
Event: 134.909 Executing VM operation: Cleanup done
Event: 165.146 Executing VM operation: Cleanup
Event: 165.147 Executing VM operation: Cleanup done
Event: 184.274 Executing VM operation: Cleanup
Event: 184.274 Executing VM operation: Cleanup done
Event: 193.323 Executing VM operation: Cleanup
Event: 193.323 Executing VM operation: Cleanup done
Event: 194.330 Executing VM operation: Cleanup
Event: 194.330 Executing VM operation: Cleanup done
Event: 195.337 Executing VM operation: Cleanup
Event: 195.337 Executing VM operation: Cleanup done
Event: 203.394 Executing VM operation: Cleanup
Event: 203.394 Executing VM operation: Cleanup done
Event: 205.408 Executing VM operation: Cleanup
Event: 205.408 Executing VM operation: Cleanup done
Event: 213.486 Executing VM operation: Cleanup
Event: 213.486 Executing VM operation: Cleanup done

Events (20 events):
Event: 14.911 loading class com/sun/beans/util/Cache
Event: 14.911 loading class com/sun/beans/util/Cache done
Event: 14.911 loading class com/sun/beans/introspect/ClassInfo$1 done
Event: 14.911 loading class com/sun/beans/util/Cache$Kind
Event: 14.911 loading class com/sun/beans/util/Cache$Kind done
Event: 14.911 loading class com/sun/beans/util/Cache$Kind$1
Event: 14.911 loading class com/sun/beans/util/Cache$Kind$1 done
Event: 14.911 loading class com/sun/beans/util/Cache$Kind$2
Event: 14.911 loading class com/sun/beans/util/Cache$Kind$2 done
Event: 14.911 loading class com/sun/beans/util/Cache$Kind$3
Event: 14.911 loading class com/sun/beans/util/Cache$Kind$3 done
Event: 14.911 loading class com/sun/beans/util/Cache$CacheEntry
Event: 14.911 loading class com/sun/beans/util/Cache$CacheEntry done
Event: 14.912 Thread 0x00000216543b7010 Thread exited: 0x00000216543b7010
Event: 14.912 Thread 0x00000216706baef0 Thread exited: 0x00000216706baef0
Event: 14.912 Thread 0x000002165566e190 Thread added: 0x000002165566e190
Event: 16.581 Thread 0x00000216543cd910 Thread exited: 0x00000216543cd910
Event: 44.697 Thread 0x000002165566eb30 Thread added: 0x000002165566eb30
Event: 44.697 Thread 0x000002165566e660 Thread added: 0x000002165566e660
Event: 63.182 Thread 0x00000216542dda00 Thread exited: 0x00000216542dda00


Dynamic libraries:
0x00007ff649770000 - 0x00007ff649780000 	C:\Program Files\Java\jdk-17\bin\java.exe
0x00007ffb52170000 - 0x00007ffb52368000 	C:\Windows\SYSTEM32\ntdll.dll
0x00007ffb517a0000 - 0x00007ffb5185f000 	C:\Windows\System32\KERNEL32.DLL
0x00007ffb4fa10000 - 0x00007ffb4fd06000 	C:\Windows\System32\KERNELBASE.dll
0x00007ffb4fde0000 - 0x00007ffb4fee0000 	C:\Windows\System32\ucrtbase.dll
0x00007ffb35320000 - 0x00007ffb35339000 	C:\Program Files\Java\jdk-17\bin\jli.dll
0x00007ffb33960000 - 0x00007ffb3397b000 	C:\Program Files\Java\jdk-17\bin\VCRUNTIME140.dll
0x00007ffb50ec0000 - 0x00007ffb50f6f000 	C:\Windows\System32\ADVAPI32.dll
0x00007ffb51910000 - 0x00007ffb519ae000 	C:\Windows\System32\msvcrt.dll
0x00007ffb51700000 - 0x00007ffb5179c000 	C:\Windows\System32\sechost.dll
0x00007ffb515d0000 - 0x00007ffb516f6000 	C:\Windows\System32\RPCRT4.dll
0x00007ffb50270000 - 0x00007ffb5040d000 	C:\Windows\System32\USER32.dll
0x00007ffb4f850000 - 0x00007ffb4f872000 	C:\Windows\System32\win32u.dll
0x00007ffb51e80000 - 0x00007ffb51eac000 	C:\Windows\System32\GDI32.dll
0x00007ffb4f880000 - 0x00007ffb4f995000 	C:\Windows\System32\gdi32full.dll
0x00007ffb4fd40000 - 0x00007ffb4fddd000 	C:\Windows\System32\msvcp_win.dll
0x00007ffb315a0000 - 0x00007ffb3183a000 	C:\Windows\WinSxS\amd64_microsoft.windows.common-controls_6595b64144ccf1df_6.0.19041.1110_none_60b5254171f9507e\COMCTL32.dll
0x00007ffb4a3d0000 - 0x00007ffb4a3da000 	C:\Windows\SYSTEM32\VERSION.dll
0x00007ffb51870000 - 0x00007ffb518a0000 	C:\Windows\System32\IMM32.DLL
0x00007ffb471d0000 - 0x00007ffb471dc000 	C:\Program Files\Java\jdk-17\bin\vcruntime140_1.dll
0x00007ffb32a30000 - 0x00007ffb32abe000 	C:\Program Files\Java\jdk-17\bin\msvcp140.dll
0x00007ffafab00000 - 0x00007ffafb6de000 	C:\Program Files\Java\jdk-17\bin\server\jvm.dll
0x00007ffb520c0000 - 0x00007ffb520c8000 	C:\Windows\System32\PSAPI.DLL
0x00007ffb336d0000 - 0x00007ffb336d9000 	C:\Windows\SYSTEM32\WSOCK32.dll
0x00007ffb518a0000 - 0x00007ffb5190b000 	C:\Windows\System32\WS2_32.dll
0x00007ffb301e0000 - 0x00007ffb30207000 	C:\Windows\SYSTEM32\WINMM.dll
0x00007ffb4d710000 - 0x00007ffb4d722000 	C:\Windows\SYSTEM32\kernel.appcore.dll
0x00007ffb46cb0000 - 0x00007ffb46cba000 	C:\Program Files\Java\jdk-17\bin\jimage.dll
0x00007ffb45150000 - 0x00007ffb45334000 	C:\Windows\SYSTEM32\DBGHELP.DLL
0x00007ffb450e0000 - 0x00007ffb45114000 	C:\Windows\SYSTEM32\dbgcore.DLL
0x00007ffb4ffe0000 - 0x00007ffb50062000 	C:\Windows\System32\bcryptPrimitives.dll
0x00007ffb4b030000 - 0x00007ffb4b03e000 	C:\Program Files\Java\jdk-17\bin\instrument.dll
0x00007ffb32b70000 - 0x00007ffb32b95000 	C:\Program Files\Java\jdk-17\bin\java.dll
0x00007ffb2e620000 - 0x00007ffb2e6f7000 	C:\Program Files\Java\jdk-17\bin\jsvml.dll
0x00007ffb50630000 - 0x00007ffb50d74000 	C:\Windows\System32\SHELL32.dll
0x00007ffb4d910000 - 0x00007ffb4e0a3000 	C:\Windows\SYSTEM32\windows.storage.dll
0x00007ffb51020000 - 0x00007ffb51374000 	C:\Windows\System32\combase.dll
0x00007ffb4f1c0000 - 0x00007ffb4f1ee000 	C:\Windows\SYSTEM32\Wldp.dll
0x00007ffb50e10000 - 0x00007ffb50ebd000 	C:\Windows\System32\SHCORE.dll
0x00007ffb519b0000 - 0x00007ffb51a05000 	C:\Windows\System32\shlwapi.dll
0x00007ffb4f780000 - 0x00007ffb4f7a5000 	C:\Windows\SYSTEM32\profapi.dll
0x00007ffb329d0000 - 0x00007ffb329e8000 	C:\Program Files\Java\jdk-17\bin\zip.dll
0x00007ffb32b50000 - 0x00007ffb32b69000 	C:\Program Files\Java\jdk-17\bin\net.dll
0x00007ffb477c0000 - 0x00007ffb478ca000 	C:\Windows\SYSTEM32\WINHTTP.dll
0x00007ffb4ef20000 - 0x00007ffb4ef8a000 	C:\Windows\system32\mswsock.dll
0x00007ffb329f0000 - 0x00007ffb32a06000 	C:\Program Files\Java\jdk-17\bin\nio.dll
0x00007ffb4b010000 - 0x00007ffb4b02a000 	C:\Program Files\JetBrains\IntelliJ IDEA Community Edition 2023.2.1\bin\breakgen64.dll
0x00007ffb37160000 - 0x00007ffb3716a000 	C:\Program Files\Java\jdk-17\bin\management.dll
0x00007ffb37000000 - 0x00007ffb3700b000 	C:\Program Files\Java\jdk-17\bin\management_ext.dll
0x00007ffb4ec10000 - 0x00007ffb4ec4b000 	C:\Windows\SYSTEM32\IPHLPAPI.DLL
0x00007ffb51860000 - 0x00007ffb51868000 	C:\Windows\System32\NSI.dll
0x00007ffb48000000 - 0x00007ffb48017000 	C:\Windows\SYSTEM32\dhcpcsvc6.DLL
0x00007ffb47fe0000 - 0x00007ffb47ffd000 	C:\Windows\SYSTEM32\dhcpcsvc.DLL
0x00007ffb4ec50000 - 0x00007ffb4ed1a000 	C:\Windows\SYSTEM32\DNSAPI.dll
0x00007ffb46b30000 - 0x00007ffb46b3a000 	C:\Windows\System32\rasadhlp.dll
0x00007ffb46e50000 - 0x00007ffb46ed2000 	C:\Windows\System32\fwpuclnt.dll
0x00007ffb4fd10000 - 0x00007ffb4fd37000 	C:\Windows\System32\bcrypt.dll
0x00007ffb4f110000 - 0x00007ffb4f128000 	C:\Windows\SYSTEM32\CRYPTSP.dll
0x00007ffb4e830000 - 0x00007ffb4e864000 	C:\Windows\system32\rsaenh.dll
0x00007ffb4f700000 - 0x00007ffb4f72e000 	C:\Windows\SYSTEM32\USERENV.dll
0x00007ffb4f130000 - 0x00007ffb4f13c000 	C:\Windows\SYSTEM32\CRYPTBASE.dll
0x00007ffb36ff0000 - 0x00007ffb36ffe000 	C:\Program Files\Java\jdk-17\bin\sunmscapi.dll
0x00007ffb50070000 - 0x00007ffb501ce000 	C:\Windows\System32\CRYPT32.dll
0x00007ffb4f230000 - 0x00007ffb4f258000 	C:\Windows\SYSTEM32\ncrypt.dll
0x00007ffb4f1f0000 - 0x00007ffb4f22b000 	C:\Windows\SYSTEM32\NTASN1.dll
0x00007ffb2e790000 - 0x00007ffb2e7a0000 	C:\Program Files\Java\jdk-17\bin\verify.dll
0x00007ffb33290000 - 0x00007ffb33297000 	C:\Windows\system32\wshunix.dll

dbghelp: loaded successfully - version: 4.0.5 - missing functions: none
symbol engine: initialized successfully - sym options: 0x614 - pdb path: .;C:\Program Files\Java\jdk-17\bin;C:\Windows\SYSTEM32;C:\Windows\WinSxS\amd64_microsoft.windows.common-controls_6595b64144ccf1df_6.0.19041.1110_none_60b5254171f9507e;C:\Program Files\Java\jdk-17\bin\server;C:\Program Files\JetBrains\IntelliJ IDEA Community Edition 2023.2.1\bin

VM Arguments:
jvm_args: -javaagent:C:\Program Files\JetBrains\IntelliJ IDEA Community Edition 2023.2.1\lib\idea_rt.jar=52155:C:\Program Files\JetBrains\IntelliJ IDEA Community Edition 2023.2.1\bin -Dfile.encoding=UTF-8 
java_command: com.springboot.departmentservice.DepartmentServiceApplication
java_class_path (initial): C:\Users\Surya5454\Downloads\DepartmentService-master\DepartmentService-master\target\classes;C:\Users\Surya5454\.m2\repository\org\springframework\boot\spring-boot-starter-data-jpa\3.1.3\spring-boot-starter-data-jpa-3.1.3.jar;C:\Users\Surya5454\.m2\repository\org\springframework\boot\spring-boot-starter-aop\3.1.3\spring-boot-starter-aop-3.1.3.jar;C:\Users\Surya5454\.m2\repository\org\springframework\spring-aop\6.0.11\spring-aop-6.0.11.jar;C:\Users\Surya5454\.m2\repository\org\aspectj\aspectjweaver\1.9.20\aspectjweaver-1.9.20.jar;C:\Users\Surya5454\.m2\repository\org\springframework\boot\spring-boot-starter-jdbc\3.1.3\spring-boot-starter-jdbc-3.1.3.jar;C:\Users\Surya5454\.m2\repository\com\zaxxer\HikariCP\5.0.1\HikariCP-5.0.1.jar;C:\Users\Surya5454\.m2\repository\org\springframework\spring-jdbc\6.0.11\spring-jdbc-6.0.11.jar;C:\Users\Surya5454\.m2\repository\org\hibernate\orm\hibernate-core\6.2.7.Final\hibernate-core-6.2.7.Final.jar;C:\Users\Surya5454\.m2\repository\jakarta\persistence\jakarta.persistence-api\3.1.0\jakarta.persistence-api-3.1.0.jar;C:\Users\Surya5454\.m2\repository\jakarta\transaction\jakarta.transaction-api\2.0.1\jakarta.transaction-api-2.0.1.jar;C:\Users\Surya5454\.m2\repository\org\jboss\logging\jboss-logging\3.5.3.Final\jboss-logging-3.5.3.Final.jar;C:\Users\Surya5454\.m2\repository\org\hibernate\common\hibernate-commons-annotations\6.0.6.Final\hibernate-commons-annotations-6.0.6.Final.jar;C:\Users\Surya5454\.m2\repository\io\smallrye\jandex\3.0.5\jandex-3.0.5.jar;C:\Users\Surya5454\.m2\repository\com\fasterxml\classmate\1.5.1\classmate-1.5.1.jar;C:\Users\Surya5454\.m2\repository\net\bytebuddy\byte-buddy\1.14.6\byte-buddy-1.14.6.jar;C:\Users\Surya5454\.m2\repository\org\glassfish\jaxb\jaxb-runtime\4.0.3\jaxb-runtime-4.0.3.jar;C:\Users\Surya5454\.m2\repository\org\glassfish\jaxb\jaxb-core\4.0.3\jaxb-core-4.0.3.jar;C:\Users\Surya5454\.m2\repository\org\eclipse\angus\angus-activation\2.0.1\angus-activation-2.0.1.jar;C:\U
Launcher Type: SUN_STANDARD

[Global flags]
     intx CICompilerCount                          = 2                                         {product} {ergonomic}
     uint ConcGCThreads                            = 1                                         {product} {ergonomic}
     uint G1ConcRefinementThreads                  = 2                                         {product} {ergonomic}
   size_t G1HeapRegionSize                         = 1048576                                   {product} {ergonomic}
    uintx GCDrainStackTargetSize                   = 64                                        {product} {ergonomic}
   size_t InitialHeapSize                          = 134217728                                 {product} {ergonomic}
   size_t MarkStackSize                            = 4194304                                   {product} {ergonomic}
   size_t MaxHeapSize                              = 2134900736                                {product} {ergonomic}
   size_t MaxNewSize                               = 1280311296                                {product} {ergonomic}
   size_t MinHeapDeltaBytes                        = 1048576                                   {product} {ergonomic}
   size_t MinHeapSize                              = 8388608                                   {product} {ergonomic}
    uintx NonNMethodCodeHeapSize                   = 5826188                                {pd product} {ergonomic}
    uintx NonProfiledCodeHeapSize                  = 122916026                              {pd product} {ergonomic}
    uintx ProfiledCodeHeapSize                     = 122916026                              {pd product} {ergonomic}
    uintx ReservedCodeCacheSize                    = 251658240                              {pd product} {ergonomic}
     bool SegmentedCodeCache                       = true                                      {product} {ergonomic}
   size_t SoftMaxHeapSize                          = 2134900736                             {manageable} {ergonomic}
     bool UseCompressedClassPointers               = true                           {product lp64_product} {ergonomic}
     bool UseCompressedOops                        = true                           {product lp64_product} {ergonomic}
     bool UseG1GC                                  = true                                      {product} {ergonomic}
     bool UseLargePagesIndividualAllocation        = false                                  {pd product} {ergonomic}

Logging:
Log output configuration:
 #0: stdout all=warning uptime,level,tags
 #1: stderr all=off uptime,level,tags

Environment Variables:
JAVA_HOME=C:\Program Files\Java\jdk-17
PATH=C:\Program Files\Common Files\Oracle\Java\javapath;C:\Windows\system32;C:\Windows;C:\Windows\System32\Wbem;C:\Windows\System32\WindowsPowerShell\v1.0\;C:\Windows\System32\OpenSSH\;C:\Program Files\nodejs\;C:\Program Files\MySQL\MySQL Server 8.0\bin;C:\Program Files\Java\jdk-17bin;C:\Program Files\Git\cmd;C:\Program Files\MySQL\MySQL Shell 8.0\bin\;C:\Users\Surya5454\AppData\Local\Microsoft\WindowsApps;;C:\Users\Surya5454\AppData\Local\Programs\Microsoft VS Code\bin;C:\Users\Surya5454\AppData\Roaming\npm;C:\Program Files\JetBrains\IntelliJ IDEA Community Edition 2023.2.1\bin;
USERNAME=Surya5454
OS=Windows_NT
PROCESSOR_IDENTIFIER=AMD64 Family 23 Model 49 Stepping 0, AuthenticAMD



---------------  S Y S T E M  ---------------

OS:
 Windows 10 , 64 bit Build 19041 (10.0.19041.3155)
OS uptime: 0 days 2:43 hours
Hyper-V virtualization detected

CPU: total 2 (initial active 2) (2 cores per cpu, 2 threads per core) family 23 model 49 stepping 0 microcode 0x0, cx8, cmov, fxsr, ht, mmx, 3dnowpref, sse, sse2, sse3, ssse3, sse4a, sse4.1, sse4.2, popcnt, lzcnt, tsc, avx, avx2, aes, clmul, bmi1, bmi2, adx, sha, fma, vzeroupper, clflush, clflushopt, hv

Memory: 4k page, system-wide physical 8140M (1093M free)
TotalPageFile size 10188M (AvailPageFile size 1M)
current process WorkingSet (physical memory assigned to process): 288M, peak: 313M
current process commit charge ("private bytes"): 316M, peak: 342M

vm_info: Java HotSpot(TM) 64-Bit Server VM (17.0.8+9-LTS-211) for windows-amd64 JRE (17.0.8+9-LTS-211), built on Jun 14 2023 10:34:31 by "mach5one" with MS VC++ 17.1 (VS2022)

END.
